capitaling
cassididae
canorousness
cataplastic
cataplastic
cataplastic
chagrined
canicular
No words found
catchpoleship
carangus
cephalacanthidae
caulking
canicular
cantalever
canis
caproyl
caproyl
caproyl
No words found
canicular
canis
cerate
cataclysmically
cerebrosclerosis
cantalever
canicular
ceramiaceae
ceramiaceae
cerate
caraguata
caraguata
caraguata
carangus
caravanserai
caravel
caraways
cathrin
chadarim
chadars
chaffering
chaffinches
chagrined
chairmaning
chairs
cevian
canis
catechetic
catechetic
catechetic
catechisms
catechumenically
categorical
catenas
catenated
caterbrawl
catercornerways
catering
censorious
cantilated
carrat
cantinas
capitaling
capulet
carpincho
catechetic
caseworms
cangy
cathar
casablanca
canorousness
cardiant
cardiomegaly
cementatory
cementatory
cementatory
cementoblast
cemetaries
cemetery
caudatory
canonesses
canonises
canonized
cele
cangy
cappers
cappier
cespitulose
cespitulose
cespitulose
cessation
cessment
cestidae
cestodes
cestoi
cestoidean
cestus
cesuras
canvasado
catabolic
catabolic
catallactic
catechetic
cauchemar
chace
chacoli
chadarim
chadars
chads
chaetal
chaffering
chaffiest
chaffinches
chagrined
chainmaker
chainomatic
chaired
chairlift
chairmaning
chairmanship
chairs
chaises
certificates
cele
cangy
cangy
cantinas
carpincho
catallactic
catechetic
carnalized
capitaling
capitaling
capitaling
capitaling
capone
caprioled
capulet
causeway
canterburianism
caraguata
cantinas
carpincho
carolitic
carpincho
catenas
catenas
catenas
cebid
carryon
carryon
carryon
carryover
capitaling
capone
caprioled
capulet
carmakers
cangy
cauchemar
cauchillo
caucussing
caudatolenticular
caudatory
caudatum
caulerpaceous
caulicule
caulker
caulking
cauls
caunter
cause
causelessness
causer
causeway
causewayman
caustics
cautela
cauterism
casebearer
casebearer
casebearer
casebook
cangy
cangy
canonises
cantinas
carpincho
carbohemoglobin
ceryl
ceryl
ceryl
cantinas
carpincho
ceramicist
casablanca
No words found
cangy
cantinas
carpincho
cangy
cangy
caulicule
caulicule
caulicule
cangy
No words found
cauchemar
cangy
cangy
cantinas
carpincho
canorousness
cathedraticum
cangy
cangy
cantinas
carpincho
cenobitic
cenobitism
cenospecies
cenospecifically
cenote
chainmaker
chainmaker
chainmaker
carapidae
carpellate
carpincho
cestidae
